[2024-11-20T14:41:57.698072+01:00] my_logger.INFO: Start Generate and Send SQL [] []
[2024-11-20T14:41:57.841725+01:00] my_logger.INFO: Conf:  {"database":{"server":"10.115.1.100","db":"alstom","port":"3306","username":"root","password":"sW1OJTmFIyudlVIk","table":"ping","pk":"ID","timestamp_col":"modified_at","time_zone":"Europe/Amsterdam"},"paths":{"sql_dir":"sql","sql_filename":"changes.sql","logs_folder":"logs","log_filename":"log"},"transfer_method":{"post":{"active":true,"url":"https://www.asts.it/db_synchronizer/remote/"},"sftp":[]},"period_min":"25"} []
[2024-11-20T14:41:57.852133+01:00] my_logger.INFO: Connected to server: 10.115.1.100 database:alstom [] []
[2024-11-20T14:41:58.707457+01:00] my_logger.INFO: Start searching records new or modified records [] []
[2024-11-20T14:41:58.827642+01:00] my_logger.INFO: Start timestamp set to: 2024-11-20 14:38:10 [] []
[2024-11-20T14:41:58.950326+01:00] my_logger.INFO: Executed query: SELECT * FROM ping WHERE modified_at > '2024-11-20 14:38:10' AND modified_at <= '2024-11-20 14:41:58' [] []
[2024-11-20T14:41:58.950675+01:00] my_logger.INFO: Found: 815 new or modified records [] []
[2024-11-20T14:41:59.067388+01:00] my_logger.INFO: Stop searching new or modified records [] []
[2024-11-20T14:41:59.067559+01:00] my_logger.INFO: Start searching deleted records [] []
[2024-11-20T14:41:59.067703+01:00] my_logger.INFO: Found primary key: ID [] []
[2024-11-20T14:42:02.822581+01:00] my_logger.INFO: Found: 816 deleted records [] []
[2024-11-20T14:42:04.633344+01:00] my_logger.INFO: Stop searching deleted records [] []
[2024-11-20T14:42:04.633674+01:00] my_logger.INFO: Closed connection with dB [] []
[2024-11-20T14:42:04.791426+01:00] my_logger.INFO: Saved start value timestamp for next execution: 2024-11-20 14:41:58 [] []
[2024-11-20T14:42:04.800068+01:00] my_logger.INFO: renamed: /var/www/html/db_synchronizer/local/sql/changes.sql into: /var/www/html/db_synchronizer/local/sql/20241120143810_20241120144158_changes.sql [] []
[2024-11-20T14:42:04.802863+01:00] my_logger.INFO: Start sending post request to remote server at: https://www.asts.it/db_synchronizer/remote/ [] []
[2024-11-20T14:42:04.803587+01:00] my_logger.INFO: Changes Update/Insert: 815 [] []
[2024-11-20T14:42:28.724339+01:00] my_logger.INFO: Start Generate and Send SQL [] []
[2024-11-20T14:42:28.772403+01:00] my_logger.INFO: Conf:  {"database":{"server":"10.115.1.100","db":"alstom","port":"3306","username":"root","password":"sW1OJTmFIyudlVIk","table":"ping","pk":"ID","timestamp_col":"modified_at","time_zone":"Europe/Amsterdam"},"paths":{"sql_dir":"sql","sql_filename":"changes.sql","logs_folder":"logs","log_filename":"log"},"transfer_method":{"post":{"active":true,"url":"https://www.asts.it/db_synchronizer/remote/"},"sftp":[]},"period_min":"25"} []
[2024-11-20T14:42:28.790406+01:00] my_logger.INFO: Connected to server: 10.115.1.100 database:alstom [] []
[2024-11-20T14:42:29.015884+01:00] my_logger.INFO: Start searching records new or modified records [] []
[2024-11-20T14:42:29.053160+01:00] my_logger.INFO: Start timestamp set to: 2024-11-20 14:41:58 [] []
[2024-11-20T14:42:29.143580+01:00] my_logger.INFO: Executed query: SELECT * FROM ping WHERE modified_at > '2024-11-20 14:41:58' AND modified_at <= '2024-11-20 14:42:29' [] []
[2024-11-20T14:42:29.144068+01:00] my_logger.INFO: Found: 127 new or modified records [] []
[2024-11-20T14:42:29.174513+01:00] my_logger.INFO: Stop searching new or modified records [] []
[2024-11-20T14:42:29.174955+01:00] my_logger.INFO: Start searching deleted records [] []
[2024-11-20T14:42:29.175347+01:00] my_logger.INFO: Found primary key: ID [] []
[2024-11-20T14:42:34.335894+01:00] my_logger.INFO: Found: 126 deleted records [] []
[2024-11-20T14:42:36.817835+01:00] my_logger.INFO: Stop searching deleted records [] []
[2024-11-20T14:42:36.818345+01:00] my_logger.INFO: Closed connection with dB [] []
[2024-11-20T14:42:36.859574+01:00] my_logger.INFO: Saved start value timestamp for next execution: 2024-11-20 14:42:29 [] []
[2024-11-20T14:42:36.863752+01:00] my_logger.INFO: renamed: /var/www/html/db_synchronizer/local/sql/changes.sql into: /var/www/html/db_synchronizer/local/sql/20241120144158_20241120144229_changes.sql [] []
[2024-11-20T14:42:42.640484+01:00] my_logger.INFO: Start sending post request to remote server at: https://www.asts.it/db_synchronizer/remote/ [] []
[2024-11-20T14:42:43.720046+01:00] my_logger.INFO: Changes Update/Insert: 127 [] []
[2024-11-20T14:43:00.195933+01:00] my_logger.INFO: Start Generate and Send SQL [] []
[2024-11-20T14:43:00.255536+01:00] my_logger.INFO: Conf:  {"database":{"server":"10.115.1.100","db":"alstom","port":"3306","username":"root","password":"sW1OJTmFIyudlVIk","table":"ping","pk":"ID","timestamp_col":"modified_at","time_zone":"Europe/Amsterdam"},"paths":{"sql_dir":"sql","sql_filename":"changes.sql","logs_folder":"logs","log_filename":"log"},"transfer_method":{"post":{"active":true,"url":"https://www.asts.it/db_synchronizer/remote/"},"sftp":[]},"period_min":"25"} []
[2024-11-20T14:43:00.277067+01:00] my_logger.INFO: Connected to server: 10.115.1.100 database:alstom [] []
[2024-11-20T14:43:00.590609+01:00] my_logger.INFO: Start searching records new or modified records [] []
[2024-11-20T14:43:00.644509+01:00] my_logger.INFO: Start timestamp set to: 2024-11-20 14:42:29 [] []
[2024-11-20T14:43:00.709231+01:00] my_logger.INFO: Executed query: SELECT * FROM ping WHERE modified_at > '2024-11-20 14:42:29' AND modified_at <= '2024-11-20 14:43:00' [] []
[2024-11-20T14:43:00.709705+01:00] my_logger.INFO: Found: 79 new or modified records [] []
[2024-11-20T14:43:00.725596+01:00] my_logger.INFO: Stop searching new or modified records [] []
[2024-11-20T14:43:00.725849+01:00] my_logger.INFO: Start searching deleted records [] []
[2024-11-20T14:43:00.726054+01:00] my_logger.INFO: Found primary key: ID [] []
[2024-11-20T14:43:04.810591+01:00] my_logger.INFO: Found: 78 deleted records [] []
[2024-11-20T14:43:07.116114+01:00] my_logger.INFO: Stop searching deleted records [] []
[2024-11-20T14:43:07.116608+01:00] my_logger.INFO: Closed connection with dB [] []
[2024-11-20T14:43:07.163039+01:00] my_logger.INFO: Saved start value timestamp for next execution: 2024-11-20 14:43:00 [] []
[2024-11-20T14:43:07.167742+01:00] my_logger.INFO: renamed: /var/www/html/db_synchronizer/local/sql/changes.sql into: /var/www/html/db_synchronizer/local/sql/20241120144229_20241120144300_changes.sql [] []
[2024-11-20T14:43:12.569106+01:00] my_logger.INFO: Start sending post request to remote server at: https://www.asts.it/db_synchronizer/remote/ [] []
[2024-11-20T14:43:15.213074+01:00] my_logger.INFO: Changes Update/Insert: 79 [] []
[2024-11-20T14:43:52.355660+01:00] my_logger.INFO: Start Generate and Send SQL [] []
[2024-11-20T14:43:52.396683+01:00] my_logger.INFO: Conf:  {"database":{"server":"10.115.1.100","db":"alstom","port":"3306","username":"root","password":"sW1OJTmFIyudlVIk","table":"ping","pk":"ID","timestamp_col":"modified_at","time_zone":"Europe/Amsterdam"},"paths":{"sql_dir":"sql","sql_filename":"changes.sql","logs_folder":"logs","log_filename":"log"},"transfer_method":{"post":{"active":true,"url":"https://www.asts.it/db_synchronizer/remote/"},"sftp":[]},"period_min":"25"} []
[2024-11-20T14:43:52.407575+01:00] my_logger.INFO: Connected to server: 10.115.1.100 database:alstom [] []
[2024-11-20T14:43:52.573489+01:00] my_logger.INFO: Start searching records new or modified records [] []
[2024-11-20T14:43:52.605287+01:00] my_logger.INFO: Start timestamp set to: 2024-11-20 14:43:00 [] []
[2024-11-20T14:43:52.675595+01:00] my_logger.INFO: Executed query: SELECT * FROM ping WHERE modified_at > '2024-11-20 14:43:00' AND modified_at <= '2024-11-20 14:43:52' [] []
[2024-11-20T14:43:52.676071+01:00] my_logger.INFO: Found: 87 new or modified records [] []
[2024-11-20T14:43:52.692058+01:00] my_logger.INFO: Stop searching new or modified records [] []
[2024-11-20T14:43:52.692283+01:00] my_logger.INFO: Start searching deleted records [] []
[2024-11-20T14:43:52.692479+01:00] my_logger.INFO: Found primary key: ID [] []
[2024-11-20T14:43:57.069409+01:00] my_logger.INFO: Found: 89 deleted records [] []
[2024-11-20T14:43:59.575917+01:00] my_logger.INFO: Stop searching deleted records [] []
[2024-11-20T14:43:59.576512+01:00] my_logger.INFO: Closed connection with dB [] []
[2024-11-20T14:43:59.614475+01:00] my_logger.INFO: Saved start value timestamp for next execution: 2024-11-20 14:43:52 [] []
[2024-11-20T14:43:59.619101+01:00] my_logger.INFO: renamed: /var/www/html/db_synchronizer/local/sql/changes.sql into: /var/www/html/db_synchronizer/local/sql/20241120144300_20241120144352_changes.sql [] []
[2024-11-20T14:46:13.578237+01:00] my_logger.INFO: Start Generate and Send SQL [] []
[2024-11-20T14:46:13.618929+01:00] my_logger.INFO: Conf:  {"database":{"server":"10.115.1.100","db":"alstom","port":"3306","username":"root","password":"sW1OJTmFIyudlVIk","table":"ping","pk":"ID","timestamp_col":"modified_at","time_zone":"Europe/Amsterdam"},"paths":{"sql_dir":"sql","sql_filename":"changes.sql","logs_folder":"logs","log_filename":"log"},"transfer_method":{"post":{"active":true,"url":"https://www.asts.it/db_synchronizer/remote/"},"sftp":[]},"period_min":"25"} []
[2024-11-20T14:46:13.627434+01:00] my_logger.INFO: Connected to server: 10.115.1.100 database:alstom [] []
[2024-11-20T14:46:13.798542+01:00] my_logger.INFO: Start searching records new or modified records [] []
[2024-11-20T14:46:13.821976+01:00] my_logger.INFO: Start timestamp set to: 2024-11-20 14:43:52 [] []
[2024-11-20T14:46:13.895228+01:00] my_logger.INFO: Executed query: SELECT * FROM ping WHERE modified_at > '2024-11-20 14:43:52' AND modified_at <= '2024-11-20 14:46:13' [] []
[2024-11-20T14:46:13.895924+01:00] my_logger.INFO: Found: 268 new or modified records [] []
[2024-11-20T14:46:13.942120+01:00] my_logger.INFO: Stop searching new or modified records [] []
[2024-11-20T14:46:13.942314+01:00] my_logger.INFO: Start searching deleted records [] []
[2024-11-20T14:46:13.942460+01:00] my_logger.INFO: Found primary key: ID [] []
[2024-11-20T14:46:18.022630+01:00] my_logger.INFO: Found: 270 deleted records [] []
[2024-11-20T14:46:20.152428+01:00] my_logger.INFO: Stop searching deleted records [] []
[2024-11-20T14:46:20.152924+01:00] my_logger.INFO: Closed connection with dB [] []
[2024-11-20T14:46:20.198993+01:00] my_logger.INFO: Saved start value timestamp for next execution: 2024-11-20 14:46:13 [] []
[2024-11-20T14:46:20.204639+01:00] my_logger.INFO: renamed: /var/www/html/db_synchronizer/local/sql/changes.sql into: /var/www/html/db_synchronizer/local/sql/20241120144352_20241120144613_changes.sql [] []
[2024-11-20T14:46:20.206179+01:00] my_logger.INFO: Start sending post request to remote server at: https://www.asts.it/db_synchronizer/remote/ [] []
[2024-11-20T14:46:20.206529+01:00] my_logger.INFO: Changes Update/Insert: 268 [] []
[2024-11-20T14:46:20.206859+01:00] my_logger.INFO: Changes Delete: 270 [] []
[2024-11-20T14:46:20.216583+01:00] my_logger.ERROR: Response:cURL error:  (errno: 3) [] []
[2024-11-20T14:46:20.217126+01:00] my_logger.INFO: Stop sending post request to remote server [] []
[2024-11-20T14:46:20.217444+01:00] my_logger.INFO: Stop Generate and Send SQL [] []
