[2024-11-21T11:34:23.297695+01:00] my_logger.INFO: Start Generate and Send SQL [] []
[2024-11-21T11:34:23.437214+01:00] my_logger.INFO: Conf:  {"database":{"server":"10.115.1.100","db":"alstom","port":"3306","username":"root","password":"sW1OJTmFIyudlVIk","table":"ping","pk":"ID","timestamp_col":"modified_at","time_zone":"Europe/Amsterdam"},"paths":{"sql_dir":"sql","sql_filename":"changes.sql","logs_folder":"logs","log_filename":"log"},"transfer_method":{"post":{"active":true,"url":"https://www.asts.it/db_synchronizer/remote/"},"sftp":[]},"period_min":"25"} []
[2024-11-21T11:34:29.002382+01:00] my_logger.INFO: Connected to server: 10.115.1.100 database:alstom [] []
[2024-11-21T11:34:29.785878+01:00] my_logger.INFO: Start searching records new or modified records [] []
[2024-11-21T11:34:29.925173+01:00] my_logger.INFO: Start timestamp set to: 2024-11-20 15:40:33 [] []
[2024-11-21T11:34:34.658412+01:00] my_logger.INFO: Executed query: SELECT * FROM ping WHERE modified_at > '2024-11-20 15:40:33' AND modified_at <= '2024-11-21 11:34:29' [] []
[2024-11-21T11:34:34.658985+01:00] my_logger.INFO: Found: 6210 new or modified records [] []
[2024-11-21T11:34:35.440408+01:00] my_logger.INFO: Stop searching new or modified records [] []
[2024-11-21T11:34:35.440607+01:00] my_logger.INFO: Start searching deleted records [] []
[2024-11-21T11:34:35.440826+01:00] my_logger.INFO: Found primary key: ID [] []
[2024-11-21T11:34:37.949766+01:00] my_logger.INFO: Found: 2 deleted records [] []
[2024-11-21T11:34:39.984089+01:00] my_logger.INFO: Stop searching deleted records [] []
[2024-11-21T11:34:39.984623+01:00] my_logger.INFO: Closed connection with dB [] []
[2024-11-21T11:34:40.140339+01:00] my_logger.INFO: Saved start value timestamp for next execution: 2024-11-21 11:34:29 [] []
[2024-11-21T11:34:40.143263+01:00] my_logger.INFO: renamed: /var/www/html/db_synchronizer/local/sql/changes.sql into: /var/www/html/db_synchronizer/local/sql/20241120154033_20241121113429_changes.sql [] []
[2024-11-21T11:34:40.144974+01:00] my_logger.INFO: Start sending post request to remote server at:  [] []
[2024-11-21T11:34:40.145333+01:00] my_logger.INFO: Changes Update/Insert: 6210 [] []
[2024-11-21T11:34:40.146001+01:00] my_logger.INFO: Changes Delete: 2 [] []
[2024-11-21T11:34:44.739822+01:00] my_logger.INFO: Response from server - start: [] []
[2024-11-21T11:34:44.740203+01:00] my_logger.INFO: File 20241120154033_20241121113429_changes.sql uploaded successfullyFile is valid, and was successfully moved  [] []
[2024-11-21T11:34:44.740532+01:00] my_logger.INFO: Response from server - stop [] []
[2024-11-21T11:34:44.740885+01:00] my_logger.INFO: Stop sending post request to remote server [] []
[2024-11-21T11:34:44.741175+01:00] my_logger.INFO: Stop Generate and Send SQL [] []
