[2024-10-24T12:08:53.875534+02:00] my_logger.INFO: This is a log entry. [] []
[2024-10-24T12:08:53.926208+02:00] my_logger.INFO: Start Generate and Send SQL [] []
[2024-10-24T12:08:53.926598+02:00] my_logger.INFO: Conf:  {"database":{"server":"10.115.1.100","db":"alstom","port":"3306","username":"root","password":"sW1OJTmFIyudlVIk","table":"ping","snapshot_table":"ping_snapshot","pk":"ID","timestamp_col":"modified_at","time_zone":"Europe/Amsterdam"},"paths":{"sql_dir":"sql","sql_filename":"changes.sql","start_time_filename":"start_time_filename.txt","logs_folder":"logs","log_filename":"log"},"period_min":"25","url":"https://www.servicecontrolroom.it/dev_sergio/db_synchronizer/remote/"} []
[2024-10-24T12:08:54.095527+02:00] my_logger.INFO: Connected to server: 10.115.1.100 database:alstom [] []
[2024-10-24T12:08:54.105183+02:00] my_logger.INFO: Start Time set to: 2024-10-24 12:08:34 [] []
[2024-10-24T12:08:54.105629+02:00] my_logger.INFO: Start searching records new or modified records [] []
[2024-10-24T12:08:54.615037+02:00] my_logger.INFO: Executed query: SELECT * FROM ping WHERE modified_at > '2024-10-24 12:08:34' AND modified_at <= '2024-10-24 12:08:54' [] []
[2024-10-24T12:08:54.615558+02:00] my_logger.INFO: Found: 20 records new or modified [] []
[2024-10-24T12:08:54.620569+02:00] my_logger.INFO: Stop searching records new or modified records [] []
[2024-10-24T12:08:54.620783+02:00] my_logger.INFO: Start searching deleted records [] []
[2024-10-24T12:08:54.620964+02:00] my_logger.INFO: Found primary key: ID [] []
[2024-10-24T12:08:54.765505+02:00] my_logger.INFO: Executed query: SELECT alstom.ping_snapshot.ID FROM alstom.ping_snapshot LEFT JOIN alstom.ping ON ping.ID = alstom.ping_snapshot.ID WHERE ping.ID IS NULL [] []
[2024-10-24T12:08:54.766100+02:00] my_logger.INFO: Found: 19 deleted records [] []
[2024-10-24T12:08:54.917599+02:00] my_logger.INFO: Executed query: TRUNCATE alstom.ping_snapshot [] []
[2024-10-24T12:08:55.170609+02:00] my_logger.INFO: Executed query: INSERT INTO alstom.ping_snapshot(ID) SELECT ID FROM alstom.ping [] []
[2024-10-24T12:08:55.171109+02:00] my_logger.INFO: Stop searching deleted records [] []
[2024-10-24T12:08:55.171452+02:00] my_logger.INFO: Closed connection with dB [] []
[2024-10-24T12:08:55.175434+02:00] my_logger.INFO: Saved last execution time: 2024-10-24 12:08:54 in start_time_filename.txt [] []
[2024-10-24T12:08:55.176758+02:00] my_logger.INFO: Start sending post request to remote server at: https://www.servicecontrolroom.it/dev_sergio/db_synchronizer/remote/ [] []
[2024-10-24T12:08:55.177300+02:00] my_logger.INFO: Changes Update/Insert: 20 [] []
[2024-10-24T12:08:55.178487+02:00] my_logger.INFO: Changes Delete: 19 [] []
[2024-10-24T12:08:55.183885+02:00] my_logger.INFO: renamed: /var/www/html/db_synchronizer/main/sql/changes.sql into: /var/www/html/db_synchronizer/main/sql/20241024120834_20241024120854_changes.sql [] []
[2024-10-24T12:08:56.890500+02:00] my_logger.INFO: Response from server - start: [] []
[2024-10-24T12:08:56.890917+02:00] my_logger.INFO: File 20241024120834_20241024120854_changes.sql uploaded successfullyFile is valid, and was successfully moved  [] []
[2024-10-24T12:08:56.891346+02:00] my_logger.INFO: Response from server - stop [] []
[2024-10-24T12:08:56.891812+02:00] my_logger.INFO: Stop sending post request to remote server [] []
[2024-10-24T12:08:56.892116+02:00] my_logger.INFO: Stop Generate and Send SQL [] []
[2024-10-24T12:10:56.747096+02:00] my_logger.INFO: This is a log entry. [] []
[2024-10-24T12:10:56.792719+02:00] my_logger.INFO: Start Generate and Send SQL [] []
[2024-10-24T12:10:56.792989+02:00] my_logger.INFO: Conf:  {"database":{"server":"10.115.1.100","db":"alstom","port":"3306","username":"root","password":"sW1OJTmFIyudlVIk","table":"ping","snapshot_table":"ping_snapshot","pk":"ID","timestamp_col":"modified_at","time_zone":"Europe/Amsterdam"},"paths":{"sql_dir":"sql","sql_filename":"changes.sql","start_time_filename":"start_time_filename.txt","logs_folder":"logs","log_filename":"log"},"period_min":"25","url":"https://www.servicecontrolroom.it/dev_sergio/db_synchronizer/remote/"} []
[2024-10-24T12:10:57.163809+02:00] my_logger.INFO: Connected to server: 10.115.1.100 database:alstom [] []
[2024-10-24T12:10:57.174411+02:00] my_logger.INFO: Start Time set to: 2024-10-24 12:08:54 [] []
[2024-10-24T12:10:57.174706+02:00] my_logger.INFO: Start searching records new or modified records [] []
[2024-10-24T12:10:57.808620+02:00] my_logger.INFO: Executed query: SELECT * FROM ping WHERE modified_at > '2024-10-24 12:08:54' AND modified_at <= '2024-10-24 12:10:57' [] []
[2024-10-24T12:10:57.809320+02:00] my_logger.INFO: Found: 157 records new or modified [] []
[2024-10-24T12:10:57.856061+02:00] my_logger.INFO: Stop searching records new or modified records [] []
[2024-10-24T12:10:57.856257+02:00] my_logger.INFO: Start searching deleted records [] []
[2024-10-24T12:10:57.856408+02:00] my_logger.INFO: Found primary key: ID [] []
[2024-10-24T12:10:58.015442+02:00] my_logger.INFO: Executed query: SELECT alstom.ping_snapshot.ID FROM alstom.ping_snapshot LEFT JOIN alstom.ping ON ping.ID = alstom.ping_snapshot.ID WHERE ping.ID IS NULL [] []
[2024-10-24T12:10:58.015932+02:00] my_logger.INFO: Found: 157 deleted records [] []
[2024-10-24T12:10:58.192803+02:00] my_logger.INFO: Executed query: TRUNCATE alstom.ping_snapshot [] []
[2024-10-24T12:10:58.540231+02:00] my_logger.INFO: Executed query: INSERT INTO alstom.ping_snapshot(ID) SELECT ID FROM alstom.ping [] []
[2024-10-24T12:10:58.541178+02:00] my_logger.INFO: Stop searching deleted records [] []
[2024-10-24T12:10:58.543203+02:00] my_logger.INFO: Closed connection with dB [] []
[2024-10-24T12:10:58.555843+02:00] my_logger.INFO: Saved last execution time: 2024-10-24 12:10:57 in start_time_filename.txt [] []
[2024-10-24T12:10:58.557688+02:00] my_logger.INFO: Start sending post request to remote server at: https://www.servicecontrolroom.it/dev_sergio/db_synchronizer/remote/ [] []
[2024-10-24T12:10:58.558065+02:00] my_logger.INFO: Changes Update/Insert: 157 [] []
[2024-10-24T12:10:58.559637+02:00] my_logger.INFO: Changes Delete: 157 [] []
[2024-10-24T12:10:58.566656+02:00] my_logger.INFO: renamed: /var/www/html/db_synchronizer/main/sql/changes.sql into: /var/www/html/db_synchronizer/main/sql/20241024120854_20241024121057_changes.sql [] []
[2024-10-24T12:10:59.418799+02:00] my_logger.INFO: Response from server - start: [] []
[2024-10-24T12:10:59.419705+02:00] my_logger.INFO: File 20241024120854_20241024121057_changes.sql uploaded successfullyFile is valid, and was successfully moved  [] []
[2024-10-24T12:10:59.420417+02:00] my_logger.INFO: Response from server - stop [] []
[2024-10-24T12:10:59.420986+02:00] my_logger.INFO: Stop sending post request to remote server [] []
[2024-10-24T12:10:59.421392+02:00] my_logger.INFO: Stop Generate and Send SQL [] []
[2024-10-24T12:14:32.131201+02:00] my_logger.INFO: This is a log entry. [] []
[2024-10-24T12:14:32.169370+02:00] my_logger.INFO: Start Generate and Send SQL [] []
[2024-10-24T12:14:32.170295+02:00] my_logger.INFO: Conf:  {"database":{"server":"10.115.1.100","db":"alstom","port":"3306","username":"root","password":"sW1OJTmFIyudlVIk","table":"ping","snapshot_table":"ping_snapshot","pk":"ID","timestamp_col":"modified_at","time_zone":"Europe/Amsterdam"},"paths":{"sql_dir":"sql","sql_filename":"changes.sql","start_time_filename":"start_time_filename.txt","logs_folder":"logs","log_filename":"log"},"period_min":"25","url":"https://www.servicecontrolroom.it/dev_sergio/db_synchronizer/remote/"} []
[2024-10-24T12:14:32.503052+02:00] my_logger.INFO: Connected to server: 10.115.1.100 database:alstom [] []
[2024-10-24T12:14:32.514730+02:00] my_logger.INFO: Start Time set to: 2024-10-24 12:10:57 [] []
[2024-10-24T12:14:32.514942+02:00] my_logger.INFO: Start searching records new or modified records [] []
[2024-10-24T12:14:33.645953+02:00] my_logger.INFO: Executed query: SELECT * FROM ping WHERE modified_at > '2024-10-24 12:10:57' AND modified_at <= '2024-10-24 12:14:32' [] []
[2024-10-24T12:14:33.646347+02:00] my_logger.INFO: Found: 467 records new or modified [] []
[2024-10-24T12:14:33.721341+02:00] my_logger.INFO: Stop searching records new or modified records [] []
[2024-10-24T12:14:33.721619+02:00] my_logger.INFO: Start searching deleted records [] []
[2024-10-24T12:14:33.721795+02:00] my_logger.INFO: Found primary key: ID [] []
[2024-10-24T12:14:33.968418+02:00] my_logger.INFO: Executed query: SELECT alstom.ping_snapshot.ID FROM alstom.ping_snapshot LEFT JOIN alstom.ping ON ping.ID = alstom.ping_snapshot.ID WHERE ping.ID IS NULL [] []
[2024-10-24T12:14:33.969134+02:00] my_logger.INFO: Found: 466 deleted records [] []
[2024-10-24T12:14:34.376199+02:00] my_logger.INFO: Executed query: TRUNCATE alstom.ping_snapshot [] []
[2024-10-24T12:14:34.619362+02:00] my_logger.INFO: Executed query: INSERT INTO alstom.ping_snapshot(ID) SELECT ID FROM alstom.ping [] []
[2024-10-24T12:14:34.619815+02:00] my_logger.INFO: Stop searching deleted records [] []
[2024-10-24T12:14:34.620106+02:00] my_logger.INFO: Closed connection with dB [] []
[2024-10-24T12:14:34.624396+02:00] my_logger.INFO: Saved last execution time: 2024-10-24 12:14:32 in start_time_filename.txt [] []
[2024-10-24T12:14:34.626316+02:00] my_logger.INFO: Start sending post request to remote server at: https://www.servicecontrolroom.it/dev_sergio/db_synchronizer/remote/ [] []
[2024-10-24T12:14:34.627107+02:00] my_logger.INFO: Changes Update/Insert: 467 [] []
[2024-10-24T12:14:34.627467+02:00] my_logger.INFO: Changes Delete: 466 [] []
[2024-10-24T12:14:34.632427+02:00] my_logger.INFO: renamed: /var/www/html/db_synchronizer/main/sql/changes.sql into: /var/www/html/db_synchronizer/main/sql/20241024121057_20241024121432_changes.sql [] []
[2024-10-24T12:14:35.567897+02:00] my_logger.INFO: Response from server - start: [] []
[2024-10-24T12:14:35.568370+02:00] my_logger.INFO: File 20241024121057_20241024121432_changes.sql uploaded successfullyFile is valid, and was successfully moved  [] []
[2024-10-24T12:14:35.568728+02:00] my_logger.INFO: Response from server - stop [] []
[2024-10-24T12:14:35.569027+02:00] my_logger.INFO: Stop sending post request to remote server [] []
[2024-10-24T12:14:35.569252+02:00] my_logger.INFO: Stop Generate and Send SQL [] []
[2024-10-24T12:18:10.893065+02:00] my_logger.INFO: This is a log entry. [] []
[2024-10-24T12:18:10.930332+02:00] my_logger.INFO: Start Generate and Send SQL [] []
[2024-10-24T12:18:10.930609+02:00] my_logger.INFO: Conf:  {"database":{"server":"10.115.1.100","db":"alstom","port":"3306","username":"root","password":"sW1OJTmFIyudlVIk","table":"ping","snapshot_table":"ping_snapshot","pk":"ID","timestamp_col":"modified_at","time_zone":"Europe/Amsterdam"},"paths":{"sql_dir":"sql","sql_filename":"changes.sql","start_time_filename":"start_time_filename.txt","logs_folder":"logs","log_filename":"log"},"period_min":"25","url":"https://www.servicecontrolroom.it/dev_sergio/db_synchronizer/remote/"} []
[2024-10-24T12:18:11.285413+02:00] my_logger.INFO: Connected to server: 10.115.1.100 database:alstom [] []
[2024-10-24T12:18:11.296408+02:00] my_logger.INFO: Start Time set to: 2024-10-24 12:14:32 [] []
[2024-10-24T12:18:11.296718+02:00] my_logger.INFO: Start searching records new or modified records [] []
[2024-10-24T12:18:12.005564+02:00] my_logger.INFO: Executed query: SELECT * FROM ping WHERE modified_at > '2024-10-24 12:14:32' AND modified_at <= '2024-10-24 12:18:11' [] []
[2024-10-24T12:18:12.006263+02:00] my_logger.INFO: Found: 397 records new or modified [] []
[2024-10-24T12:18:12.079049+02:00] my_logger.INFO: Stop searching records new or modified records [] []
[2024-10-24T12:18:12.079250+02:00] my_logger.INFO: Start searching deleted records [] []
[2024-10-24T12:18:12.079408+02:00] my_logger.INFO: Found primary key: ID [] []
[2024-10-24T12:18:12.266509+02:00] my_logger.INFO: Executed query: SELECT alstom.ping_snapshot.ID FROM alstom.ping_snapshot LEFT JOIN alstom.ping ON ping.ID = alstom.ping_snapshot.ID WHERE ping.ID IS NULL [] []
[2024-10-24T12:18:12.266929+02:00] my_logger.INFO: Found: 397 deleted records [] []
[2024-10-24T12:18:12.644888+02:00] my_logger.INFO: Executed query: TRUNCATE alstom.ping_snapshot [] []
[2024-10-24T12:18:12.893245+02:00] my_logger.INFO: Executed query: INSERT INTO alstom.ping_snapshot(ID) SELECT ID FROM alstom.ping [] []
[2024-10-24T12:18:12.893890+02:00] my_logger.INFO: Stop searching deleted records [] []
[2024-10-24T12:18:12.894296+02:00] my_logger.INFO: Closed connection with dB [] []
[2024-10-24T12:18:12.899936+02:00] my_logger.INFO: Saved last execution time: 2024-10-24 12:18:11 in start_time_filename.txt [] []
[2024-10-24T12:18:12.900861+02:00] my_logger.INFO: Start sending post request to remote server at: https://www.servicecontrolroom.it/dev_sergio/db_synchronizer/remote/ [] []
[2024-10-24T12:18:12.901155+02:00] my_logger.INFO: Changes Update/Insert: 397 [] []
[2024-10-24T12:18:12.901467+02:00] my_logger.INFO: Changes Delete: 397 [] []
[2024-10-24T12:18:12.906451+02:00] my_logger.INFO: renamed: /var/www/html/db_synchronizer/main/sql/changes.sql into: /var/www/html/db_synchronizer/main/sql/20241024121432_20241024121811_changes.sql [] []
[2024-10-24T12:18:13.822276+02:00] my_logger.INFO: Response from server - start: [] []
[2024-10-24T12:18:13.822846+02:00] my_logger.INFO: File 20241024121432_20241024121811_changes.sql uploaded successfullyFile is valid, and was successfully moved  [] []
[2024-10-24T12:18:13.823316+02:00] my_logger.INFO: Response from server - stop [] []
[2024-10-24T12:18:13.823606+02:00] my_logger.INFO: Stop sending post request to remote server [] []
[2024-10-24T12:18:13.823853+02:00] my_logger.INFO: Stop Generate and Send SQL [] []
[2024-10-24T12:18:42.882025+02:00] my_logger.INFO: This is a log entry. [] []
[2024-10-24T12:18:43.054601+02:00] my_logger.INFO: Start Generate and Send SQL [] []
[2024-10-24T12:18:43.055099+02:00] my_logger.INFO: Conf:  {"database":{"server":"10.115.1.100","db":"alstom","port":"3306","username":"root","password":"sW1OJTmFIyudlVIk","table":"ping","snapshot_table":"ping_snapshot","pk":"ID","timestamp_col":"modified_at","time_zone":"Europe/Amsterdam"},"paths":{"sql_dir":"sql","sql_filename":"changes.sql","start_time_filename":"start_time_filename.txt","logs_folder":"logs","log_filename":"log"},"period_min":"25","url":"https://www.servicecontrolroom.it/dev_sergio/db_synchronizer/remote/"} []
[2024-10-24T12:18:43.399976+02:00] my_logger.INFO: Connected to server: 10.115.1.100 database:alstom [] []
[2024-10-24T12:18:43.430723+02:00] my_logger.INFO: Start Time set to: 2024-10-24 12:18:11 [] []
[2024-10-24T12:18:43.431475+02:00] my_logger.INFO: Start searching records new or modified records [] []
[2024-10-24T12:18:43.775276+02:00] my_logger.INFO: Executed query: SELECT * FROM ping WHERE modified_at > '2024-10-24 12:18:11' AND modified_at <= '2024-10-24 12:18:43' [] []
[2024-10-24T12:18:43.775705+02:00] my_logger.INFO: Found: 36 records new or modified [] []
[2024-10-24T12:18:43.781828+02:00] my_logger.INFO: Stop searching records new or modified records [] []
[2024-10-24T12:18:43.782017+02:00] my_logger.INFO: Start searching deleted records [] []
[2024-10-24T12:18:43.782170+02:00] my_logger.INFO: Found primary key: ID [] []
[2024-10-24T12:18:44.099811+02:00] my_logger.INFO: Executed query: SELECT alstom.ping_snapshot.ID FROM alstom.ping_snapshot LEFT JOIN alstom.ping ON ping.ID = alstom.ping_snapshot.ID WHERE ping.ID IS NULL [] []
[2024-10-24T12:18:44.100627+02:00] my_logger.INFO: Found: 36 deleted records [] []
[2024-10-24T12:18:44.268884+02:00] my_logger.INFO: Executed query: TRUNCATE alstom.ping_snapshot [] []
[2024-10-24T12:18:44.493191+02:00] my_logger.INFO: Executed query: INSERT INTO alstom.ping_snapshot(ID) SELECT ID FROM alstom.ping [] []
[2024-10-24T12:18:44.493641+02:00] my_logger.INFO: Stop searching deleted records [] []
[2024-10-24T12:18:44.494012+02:00] my_logger.INFO: Closed connection with dB [] []
[2024-10-24T12:18:44.500550+02:00] my_logger.INFO: Saved last execution time: 2024-10-24 12:18:43 in start_time_filename.txt [] []
[2024-10-24T12:18:44.502196+02:00] my_logger.INFO: Start sending post request to remote server at: https://www.servicecontrolroom.it/dev_sergio/db_synchronizer/remote/ [] []
[2024-10-24T12:18:44.502567+02:00] my_logger.INFO: Changes Update/Insert: 36 [] []
[2024-10-24T12:18:44.502910+02:00] my_logger.INFO: Changes Delete: 36 [] []
[2024-10-24T12:18:44.510333+02:00] my_logger.INFO: renamed: /var/www/html/db_synchronizer/main/sql/changes.sql into: /var/www/html/db_synchronizer/main/sql/20241024121811_20241024121843_changes.sql [] []
[2024-10-24T12:18:45.127664+02:00] my_logger.INFO: Response from server - start: [] []
[2024-10-24T12:18:45.128096+02:00] my_logger.INFO: File 20241024121811_20241024121843_changes.sql uploaded successfullyFile is valid, and was successfully moved  [] []
[2024-10-24T12:18:45.128385+02:00] my_logger.INFO: Response from server - stop [] []
[2024-10-24T12:18:45.128625+02:00] my_logger.INFO: Stop sending post request to remote server [] []
[2024-10-24T12:18:45.128861+02:00] my_logger.INFO: Stop Generate and Send SQL [] []
[2024-10-24T12:21:15.002506+02:00] my_logger.INFO: This is a log entry. [] []
[2024-10-24T12:21:15.049298+02:00] my_logger.INFO: Start Generate and Send SQL [] []
[2024-10-24T12:21:15.049606+02:00] my_logger.INFO: Conf:  {"database":{"server":"10.115.1.100","db":"alstom","port":"3306","username":"root","password":"sW1OJTmFIyudlVIk","table":"ping","snapshot_table":"ping_snapshot","pk":"ID","timestamp_col":"modified_at","time_zone":"Europe/Amsterdam"},"paths":{"sql_dir":"sql","sql_filename":"changes.sql","start_time_filename":"start_time_filename.txt","logs_folder":"logs","log_filename":"log"},"period_min":"25","url":"https://www.servicecontrolroom.it/dev_sergio/db_synchronizer/remote/"} []
[2024-10-24T12:21:15.376461+02:00] my_logger.INFO: Connected to server: 10.115.1.100 database:alstom [] []
[2024-10-24T12:21:15.385309+02:00] my_logger.INFO: Start Time set to: 2024-10-24 12:18:43 [] []
[2024-10-24T12:21:15.385642+02:00] my_logger.INFO: Start searching records new or modified records [] []
[2024-10-24T12:21:15.986205+02:00] my_logger.INFO: Executed query: SELECT * FROM ping WHERE modified_at > '2024-10-24 12:18:43' AND modified_at <= '2024-10-24 12:21:15' [] []
[2024-10-24T12:21:15.986836+02:00] my_logger.INFO: Found: 199 records new or modified [] []
[2024-10-24T12:21:16.020159+02:00] my_logger.INFO: Stop searching records new or modified records [] []
[2024-10-24T12:21:16.020359+02:00] my_logger.INFO: Start searching deleted records [] []
[2024-10-24T12:21:16.020503+02:00] my_logger.INFO: Found primary key: ID [] []
[2024-10-24T12:21:16.233379+02:00] my_logger.INFO: Executed query: SELECT alstom.ping_snapshot.ID FROM alstom.ping_snapshot LEFT JOIN alstom.ping ON ping.ID = alstom.ping_snapshot.ID WHERE ping.ID IS NULL [] []
[2024-10-24T12:21:16.233947+02:00] my_logger.INFO: Found: 198 deleted records [] []
[2024-10-24T12:21:16.434399+02:00] my_logger.INFO: Executed query: TRUNCATE alstom.ping_snapshot [] []
[2024-10-24T12:21:16.713417+02:00] my_logger.INFO: Executed query: INSERT INTO alstom.ping_snapshot(ID) SELECT ID FROM alstom.ping [] []
[2024-10-24T12:21:16.714100+02:00] my_logger.INFO: Stop searching deleted records [] []
[2024-10-24T12:21:16.714474+02:00] my_logger.INFO: Closed connection with dB [] []
[2024-10-24T12:21:16.719705+02:00] my_logger.INFO: Saved last execution time: 2024-10-24 12:21:15 in start_time_filename.txt [] []
[2024-10-24T12:21:16.721216+02:00] my_logger.INFO: Start sending post request to remote server at: https://www.servicecontrolroom.it/dev_sergio/db_synchronizer/remote/ [] []
[2024-10-24T12:21:16.721485+02:00] my_logger.INFO: Changes Update/Insert: 199 [] []
[2024-10-24T12:21:16.721678+02:00] my_logger.INFO: Changes Delete: 198 [] []
[2024-10-24T12:21:16.726011+02:00] my_logger.INFO: renamed: /var/www/html/db_synchronizer/main/sql/changes.sql into: /var/www/html/db_synchronizer/main/sql/20241024121843_20241024122115_changes.sql [] []
[2024-10-24T12:21:18.508280+02:00] my_logger.INFO: Response from server - start: [] []
[2024-10-24T12:21:18.508729+02:00] my_logger.INFO: File 20241024121843_20241024122115_changes.sql uploaded successfullyFile is valid, and was successfully moved  [] []
[2024-10-24T12:21:18.509031+02:00] my_logger.INFO: Response from server - stop [] []
[2024-10-24T12:21:18.509511+02:00] my_logger.INFO: Stop sending post request to remote server [] []
[2024-10-24T12:21:18.509857+02:00] my_logger.INFO: Stop Generate and Send SQL [] []
[2024-10-24T13:53:02.338181+02:00] my_logger.INFO: This is a log entry. [] []
[2024-10-24T13:53:02.559459+02:00] my_logger.INFO: Start Generate and Send SQL [] []
[2024-10-24T13:53:02.559789+02:00] my_logger.INFO: Conf:  {"database":{"server":"10.115.1.100","db":"alstom","port":"3306","username":"root","password":"sW1OJTmFIyudlVIk","table":"ping","snapshot_table":"ping_snapshot","pk":"ID","timestamp_col":"modified_at","time_zone":"Europe/Amsterdam"},"paths":{"sql_dir":"sql","sql_filename":"changes.sql","start_time_filename":"start_time_filename.txt","logs_folder":"logs","log_filename":"log"},"transfer_method":{"post":true,"sftp":false},"period_min":"25","url":"https://www.servicecontrolroom.it/dev_sergio/db_synchronizer/remote/"} []
[2024-10-24T13:53:02.731560+02:00] my_logger.ERROR: Error connecting to the database: SQLSTATE[HY000] [1045] Access denied for user 'root'@'10.114.145.47' (using password: YES) [] []
[2024-10-24T14:07:04.108322+02:00] my_logger.INFO: This is a log entry. [] []
[2024-10-24T14:07:04.149134+02:00] my_logger.INFO: Start Generate and Send SQL [] []
[2024-10-24T14:07:04.149551+02:00] my_logger.INFO: Conf:  {"database":{"server":"10.115.1.100","db":"alstom","port":"3306","username":"root","password":"sW1OJTmFIyudlVIk","table":"ping","snapshot_table":"ping_snapshot","pk":"ID","timestamp_col":"modified_at","time_zone":"Europe/Amsterdam"},"paths":{"sql_dir":"sql","sql_filename":"changes.sql","start_time_filename":"start_time_filename.txt","logs_folder":"logs","log_filename":"log"},"transfer_method":{"post":{"url":"https://www.servicecontrolroom.it/dev_sergio/db_synchronizer/remote/"},"sftp":[]},"period_min":"25"} []
[2024-10-24T14:07:04.267846+02:00] my_logger.INFO: Connected to server: 10.115.1.100 database:alstom [] []
[2024-10-24T14:07:04.286442+02:00] my_logger.INFO: Start Time set to: 2024-10-24 12:21:15 [] []
[2024-10-24T14:07:04.286858+02:00] my_logger.INFO: Start searching records new or modified records [] []
[2024-10-24T14:07:04.922655+02:00] my_logger.INFO: Executed query: SELECT * FROM ping WHERE modified_at > '2024-10-24 12:21:15' AND modified_at <= '2024-10-24 14:07:04' [] []
[2024-10-24T14:07:04.923250+02:00] my_logger.INFO: Found: 5804 records new or modified [] []
[2024-10-24T14:07:06.275961+02:00] my_logger.INFO: Stop searching records new or modified records [] []
[2024-10-24T14:07:06.276411+02:00] my_logger.INFO: Start searching deleted records [] []
[2024-10-24T14:07:06.276680+02:00] my_logger.INFO: Found primary key: ID [] []
[2024-10-24T14:07:06.443987+02:00] my_logger.INFO: Executed query: SELECT alstom.ping_snapshot.ID FROM alstom.ping_snapshot LEFT JOIN alstom.ping ON ping.ID = alstom.ping_snapshot.ID WHERE ping.ID IS NULL [] []
[2024-10-24T14:07:06.444629+02:00] my_logger.INFO: Found: 5807 deleted records [] []
[2024-10-24T14:07:08.814587+02:00] my_logger.INFO: Executed query: TRUNCATE alstom.ping_snapshot [] []
[2024-10-24T14:07:09.016858+02:00] my_logger.INFO: Executed query: INSERT INTO alstom.ping_snapshot(ID) SELECT ID FROM alstom.ping [] []
[2024-10-24T14:07:09.017569+02:00] my_logger.INFO: Stop searching deleted records [] []
[2024-10-24T14:07:09.017943+02:00] my_logger.INFO: Closed connection with dB [] []
[2024-10-24T14:07:09.024885+02:00] my_logger.INFO: Saved last execution time: 2024-10-24 14:07:04 in start_time_filename.txt [] []
[2024-10-24T14:07:09.028411+02:00] my_logger.INFO: Stop Generate and Send SQL [] []
[2024-10-24T14:08:26.437620+02:00] my_logger.INFO: This is a log entry. [] []
[2024-10-24T14:08:26.473979+02:00] my_logger.INFO: Start Generate and Send SQL [] []
[2024-10-24T14:08:26.474131+02:00] my_logger.INFO: Conf:  {"database":{"server":"10.115.1.100","db":"alstom","port":"3306","username":"root","password":"sW1OJTmFIyudlVIk","table":"ping","snapshot_table":"ping_snapshot","pk":"ID","timestamp_col":"modified_at","time_zone":"Europe/Amsterdam"},"paths":{"sql_dir":"sql","sql_filename":"changes.sql","start_time_filename":"start_time_filename.txt","logs_folder":"logs","log_filename":"log"},"transfer_method":{"post":{"url":"https://www.servicecontrolroom.it/dev_sergio/db_synchronizer/remote/"},"sftp":[]},"period_min":"25"} []
[2024-10-24T14:08:26.586577+02:00] my_logger.INFO: Connected to server: 10.115.1.100 database:alstom [] []
[2024-10-24T14:08:26.595797+02:00] my_logger.INFO: Start Time set to: 2024-10-24 14:07:04 [] []
[2024-10-24T14:08:26.596069+02:00] my_logger.INFO: Start searching records new or modified records [] []
[2024-10-24T14:08:26.876385+02:00] my_logger.INFO: Executed query: SELECT * FROM ping WHERE modified_at > '2024-10-24 14:07:04' AND modified_at <= '2024-10-24 14:08:26' [] []
[2024-10-24T14:08:26.876942+02:00] my_logger.INFO: Found: 501 records new or modified [] []
[2024-10-24T14:08:26.957051+02:00] my_logger.INFO: Stop searching records new or modified records [] []
[2024-10-24T14:08:26.957864+02:00] my_logger.INFO: Start searching deleted records [] []
[2024-10-24T14:08:26.958182+02:00] my_logger.INFO: Found primary key: ID [] []
[2024-10-24T14:08:27.076673+02:00] my_logger.INFO: Executed query: SELECT alstom.ping_snapshot.ID FROM alstom.ping_snapshot LEFT JOIN alstom.ping ON ping.ID = alstom.ping_snapshot.ID WHERE ping.ID IS NULL [] []
[2024-10-24T14:08:27.077567+02:00] my_logger.INFO: Found: 492 deleted records [] []
[2024-10-24T14:08:27.263271+02:00] my_logger.INFO: Executed query: TRUNCATE alstom.ping_snapshot [] []
[2024-10-24T14:08:27.467905+02:00] my_logger.INFO: Executed query: INSERT INTO alstom.ping_snapshot(ID) SELECT ID FROM alstom.ping [] []
[2024-10-24T14:08:27.468333+02:00] my_logger.INFO: Stop searching deleted records [] []
[2024-10-24T14:08:27.468683+02:00] my_logger.INFO: Closed connection with dB [] []
[2024-10-24T14:08:27.472965+02:00] my_logger.INFO: Saved last execution time: 2024-10-24 14:08:26 in start_time_filename.txt [] []
[2024-10-24T14:08:27.475431+02:00] my_logger.INFO: No tranfer method selected [] []
[2024-10-24T14:08:27.475793+02:00] my_logger.INFO: Stop Generate and Send SQL [] []
[2024-10-24T14:13:48.420243+02:00] my_logger.INFO: This is a log entry. [] []
[2024-10-24T14:13:48.459656+02:00] my_logger.INFO: Start Generate and Send SQL [] []
[2024-10-24T14:13:48.460100+02:00] my_logger.INFO: Conf:  {"database":{"server":"10.115.1.100","db":"alstom","port":"3306","username":"root","password":"sW1OJTmFIyudlVIk","table":"ping","snapshot_table":"ping_snapshot","pk":"ID","timestamp_col":"modified_at","time_zone":"Europe/Amsterdam"},"paths":{"sql_dir":"sql","sql_filename":"changes.sql","start_time_filename":"start_time_filename.txt","logs_folder":"logs","log_filename":"log"},"transfer_method":{"post":{"active":true,"url":"https://www.servicecontrolroom.it/dev_sergio/db_synchronizer/remote/"},"sftp":[]},"period_min":"25"} []
[2024-10-24T14:13:48.572868+02:00] my_logger.INFO: Connected to server: 10.115.1.100 database:alstom [] []
[2024-10-24T14:13:48.585061+02:00] my_logger.INFO: Start Time set to: 2024-10-24 14:08:26 [] []
[2024-10-24T14:13:48.585391+02:00] my_logger.INFO: Start searching records new or modified records [] []
[2024-10-24T14:13:48.865144+02:00] my_logger.INFO: Executed query: SELECT * FROM ping WHERE modified_at > '2024-10-24 14:08:26' AND modified_at <= '2024-10-24 14:13:48' [] []
[2024-10-24T14:13:48.865589+02:00] my_logger.INFO: Found: 424 records new or modified [] []
[2024-10-24T14:13:48.920554+02:00] my_logger.INFO: Stop searching records new or modified records [] []
[2024-10-24T14:13:48.920797+02:00] my_logger.INFO: Start searching deleted records [] []
[2024-10-24T14:13:48.920961+02:00] my_logger.INFO: Found primary key: ID [] []
[2024-10-24T14:13:49.357407+02:00] my_logger.INFO: Executed query: SELECT alstom.ping_snapshot.ID FROM alstom.ping_snapshot LEFT JOIN alstom.ping ON ping.ID = alstom.ping_snapshot.ID WHERE ping.ID IS NULL [] []
[2024-10-24T14:13:49.357754+02:00] my_logger.INFO: Found: 420 deleted records [] []
[2024-10-24T14:13:49.512487+02:00] my_logger.INFO: Executed query: TRUNCATE alstom.ping_snapshot [] []
[2024-10-24T14:13:49.716784+02:00] my_logger.INFO: Executed query: INSERT INTO alstom.ping_snapshot(ID) SELECT ID FROM alstom.ping [] []
[2024-10-24T14:13:49.717311+02:00] my_logger.INFO: Stop searching deleted records [] []
[2024-10-24T14:13:49.717626+02:00] my_logger.INFO: Closed connection with dB [] []
[2024-10-24T14:13:49.722673+02:00] my_logger.INFO: Saved last execution time: 2024-10-24 14:13:48 in start_time_filename.txt [] []
[2024-10-24T14:13:49.724608+02:00] my_logger.INFO: Start sending post request to remote server at: https://www.servicecontrolroom.it/dev_sergio/db_synchronizer/remote/ [] []
[2024-10-24T14:13:49.725040+02:00] my_logger.INFO: Changes Update/Insert: 424 [] []
[2024-10-24T14:13:49.725338+02:00] my_logger.INFO: Changes Delete: 420 [] []
[2024-10-24T14:13:49.730658+02:00] my_logger.INFO: renamed: /var/www/html/db_synchronizer/main/sql/changes.sql into: /var/www/html/db_synchronizer/main/sql/20241024140826_20241024141348_changes.sql [] []
[2024-10-24T14:13:49.749751+02:00] my_logger.ERROR: Response:cURL error:  (errno: 3) [] []
[2024-10-24T14:14:19.900866+02:00] my_logger.INFO: This is a log entry. [] []
[2024-10-24T14:14:19.938271+02:00] my_logger.INFO: Start Generate and Send SQL [] []
[2024-10-24T14:14:19.938508+02:00] my_logger.INFO: Conf:  {"database":{"server":"10.115.1.100","db":"alstom","port":"3306","username":"root","password":"sW1OJTmFIyudlVIk","table":"ping","snapshot_table":"ping_snapshot","pk":"ID","timestamp_col":"modified_at","time_zone":"Europe/Amsterdam"},"paths":{"sql_dir":"sql","sql_filename":"changes.sql","start_time_filename":"start_time_filename.txt","logs_folder":"logs","log_filename":"log"},"transfer_method":{"post":{"active":true,"url":"https://www.servicecontrolroom.it/dev_sergio/db_synchronizer/remote/"},"sftp":[]},"period_min":"25"} []
[2024-10-24T14:14:20.045310+02:00] my_logger.INFO: Connected to server: 10.115.1.100 database:alstom [] []
[2024-10-24T14:14:20.053654+02:00] my_logger.INFO: Start Time set to: 2024-10-24 14:13:48 [] []
[2024-10-24T14:14:20.053963+02:00] my_logger.INFO: Start searching records new or modified records [] []
[2024-10-24T14:14:20.323342+02:00] my_logger.INFO: Executed query: SELECT * FROM ping WHERE modified_at > '2024-10-24 14:13:48' AND modified_at <= '2024-10-24 14:14:20' [] []
[2024-10-24T14:14:20.323787+02:00] my_logger.INFO: Found: 26 records new or modified [] []
[2024-10-24T14:14:20.328308+02:00] my_logger.INFO: Stop searching records new or modified records [] []
[2024-10-24T14:14:20.328490+02:00] my_logger.INFO: Start searching deleted records [] []
[2024-10-24T14:14:20.328641+02:00] my_logger.INFO: Found primary key: ID [] []
[2024-10-24T14:14:20.454193+02:00] my_logger.INFO: Executed query: SELECT alstom.ping_snapshot.ID FROM alstom.ping_snapshot LEFT JOIN alstom.ping ON ping.ID = alstom.ping_snapshot.ID WHERE ping.ID IS NULL [] []
[2024-10-24T14:14:20.454629+02:00] my_logger.INFO: Found: 28 deleted records [] []
[2024-10-24T14:14:20.576879+02:00] my_logger.INFO: Executed query: TRUNCATE alstom.ping_snapshot [] []
[2024-10-24T14:14:20.849673+02:00] my_logger.INFO: Executed query: INSERT INTO alstom.ping_snapshot(ID) SELECT ID FROM alstom.ping [] []
[2024-10-24T14:14:20.850751+02:00] my_logger.INFO: Stop searching deleted records [] []
[2024-10-24T14:14:20.851215+02:00] my_logger.INFO: Closed connection with dB [] []
[2024-10-24T14:14:20.855609+02:00] my_logger.INFO: Saved last execution time: 2024-10-24 14:14:20 in start_time_filename.txt [] []
[2024-10-24T14:14:20.856873+02:00] my_logger.INFO: Start sending post request to remote server at: https://www.servicecontrolroom.it/dev_sergio/db_synchronizer/remote/ [] []
[2024-10-24T14:14:20.858088+02:00] my_logger.INFO: Changes Update/Insert: 26 [] []
[2024-10-24T14:14:20.858495+02:00] my_logger.INFO: Changes Delete: 28 [] []
[2024-10-24T14:14:20.866981+02:00] my_logger.INFO: renamed: /var/www/html/db_synchronizer/main/sql/changes.sql into: /var/www/html/db_synchronizer/main/sql/20241024141348_20241024141420_changes.sql [] []
[2024-10-24T14:14:20.872784+02:00] my_logger.ERROR: Response:cURL error:  (errno: 3) [] []
[2024-10-24T14:14:20.873441+02:00] my_logger.INFO: Stop sending post request to remote server [] []
[2024-10-24T14:14:20.873767+02:00] my_logger.INFO: Stop Generate and Send SQL [] []
[2024-10-24T14:19:06.994621+02:00] my_logger.INFO: This is a log entry. [] []
[2024-10-24T14:19:07.199633+02:00] my_logger.INFO: Start Generate and Send SQL [] []
[2024-10-24T14:19:07.199908+02:00] my_logger.INFO: Conf:  {"database":{"server":"10.115.1.100","db":"alstom","port":"3306","username":"root","password":"sW1OJTmFIyudlVIk","table":"ping","snapshot_table":"ping_snapshot","pk":"ID","timestamp_col":"modified_at","time_zone":"Europe/Amsterdam"},"paths":{"sql_dir":"sql","sql_filename":"changes.sql","start_time_filename":"start_time_filename.txt","logs_folder":"logs","log_filename":"log"},"transfer_method":{"post":{"active":true,"url":"https://www.servicecontrolroom.it/dev_sergio/db_synchronizer/remote/"},"sftp":[]},"period_min":"25"} []
[2024-10-24T14:19:07.310427+02:00] my_logger.INFO: Connected to server: 10.115.1.100 database:alstom [] []
[2024-10-24T14:19:07.331664+02:00] my_logger.INFO: Start Time set to: 2024-10-24 14:14:20 [] []
[2024-10-24T14:19:07.332026+02:00] my_logger.INFO: Start searching records new or modified records [] []
[2024-10-24T14:19:07.681912+02:00] my_logger.INFO: Executed query: SELECT * FROM ping WHERE modified_at > '2024-10-24 14:14:20' AND modified_at <= '2024-10-24 14:19:07' [] []
[2024-10-24T14:19:07.682397+02:00] my_logger.INFO: Found: 376 records new or modified [] []
[2024-10-24T14:19:07.736090+02:00] my_logger.INFO: Stop searching records new or modified records [] []
[2024-10-24T14:19:07.736546+02:00] my_logger.INFO: Start searching deleted records [] []
[2024-10-24T14:19:07.736918+02:00] my_logger.INFO: Found primary key: ID [] []
[2024-10-24T14:19:07.851658+02:00] my_logger.INFO: Executed query: SELECT alstom.ping_snapshot.ID FROM alstom.ping_snapshot LEFT JOIN alstom.ping ON ping.ID = alstom.ping_snapshot.ID WHERE ping.ID IS NULL [] []
[2024-10-24T14:19:07.852490+02:00] my_logger.INFO: Found: 376 deleted records [] []
[2024-10-24T14:19:08.014529+02:00] my_logger.INFO: Executed query: TRUNCATE alstom.ping_snapshot [] []
[2024-10-24T14:19:08.231117+02:00] my_logger.INFO: Executed query: INSERT INTO alstom.ping_snapshot(ID) SELECT ID FROM alstom.ping [] []
[2024-10-24T14:19:08.231661+02:00] my_logger.INFO: Stop searching deleted records [] []
[2024-10-24T14:19:08.232041+02:00] my_logger.INFO: Closed connection with dB [] []
[2024-10-24T14:19:08.237094+02:00] my_logger.INFO: Saved last execution time: 2024-10-24 14:19:07 in start_time_filename.txt [] []
[2024-10-24T14:19:08.238951+02:00] my_logger.INFO: Start sending post request to remote server at: https://www.servicecontrolroom.it/dev_sergio/db_synchronizer/remote/ [] []
[2024-10-24T14:19:08.239389+02:00] my_logger.INFO: Changes Update/Insert: 376 [] []
[2024-10-24T14:19:08.239714+02:00] my_logger.INFO: Changes Delete: 376 [] []
[2024-10-24T14:19:08.245567+02:00] my_logger.INFO: renamed: /var/www/html/db_synchronizer/main/sql/changes.sql into: /var/www/html/db_synchronizer/main/sql/20241024141420_20241024141907_changes.sql [] []
[2024-10-24T14:19:08.255223+02:00] my_logger.ERROR: Response:cURL error:  (errno: 3) [] []
[2024-10-24T14:19:08.255666+02:00] my_logger.INFO: Stop sending post request to remote server [] []
[2024-10-24T14:19:08.256056+02:00] my_logger.INFO: Stop Generate and Send SQL [] []
[2024-10-24T14:20:41.853771+02:00] my_logger.INFO: This is a log entry. [] []
[2024-10-24T14:20:41.877060+02:00] my_logger.INFO: Start Generate and Send SQL [] []
[2024-10-24T14:20:41.877229+02:00] my_logger.INFO: Conf:  {"database":{"server":"10.115.1.100","db":"alstom","port":"3306","username":"root","password":"sW1OJTmFIyudlVIk","table":"ping","snapshot_table":"ping_snapshot","pk":"ID","timestamp_col":"modified_at","time_zone":"Europe/Amsterdam"},"paths":{"sql_dir":"sql","sql_filename":"changes.sql","start_time_filename":"start_time_filename.txt","logs_folder":"logs","log_filename":"log"},"transfer_method":{"post":{"active":true,"url":"https://www.servicecontrolroom.it/dev_sergio/db_synchronizer/remote/"},"sftp":[]},"period_min":"25"} []
[2024-10-24T14:20:41.990603+02:00] my_logger.INFO: Connected to server: 10.115.1.100 database:alstom [] []
[2024-10-24T14:20:41.998412+02:00] my_logger.INFO: Start Time set to: 2024-10-24 14:19:07 [] []
[2024-10-24T14:20:41.998651+02:00] my_logger.INFO: Start searching records new or modified records [] []
[2024-10-24T14:20:42.226920+02:00] my_logger.INFO: Executed query: SELECT * FROM ping WHERE modified_at > '2024-10-24 14:19:07' AND modified_at <= '2024-10-24 14:20:41' [] []
[2024-10-24T14:20:42.227275+02:00] my_logger.INFO: Found: 153 records new or modified [] []
[2024-10-24T14:20:42.255693+02:00] my_logger.INFO: Stop searching records new or modified records [] []
[2024-10-24T14:20:42.256000+02:00] my_logger.INFO: Start searching deleted records [] []
[2024-10-24T14:20:42.256197+02:00] my_logger.INFO: Found primary key: ID [] []
[2024-10-24T14:20:42.377256+02:00] my_logger.INFO: Executed query: SELECT alstom.ping_snapshot.ID FROM alstom.ping_snapshot LEFT JOIN alstom.ping ON ping.ID = alstom.ping_snapshot.ID WHERE ping.ID IS NULL [] []
[2024-10-24T14:20:42.377710+02:00] my_logger.INFO: Found: 154 deleted records [] []
[2024-10-24T14:20:42.497998+02:00] my_logger.INFO: Executed query: TRUNCATE alstom.ping_snapshot [] []
[2024-10-24T14:20:42.703235+02:00] my_logger.INFO: Executed query: INSERT INTO alstom.ping_snapshot(ID) SELECT ID FROM alstom.ping [] []
[2024-10-24T14:20:42.703591+02:00] my_logger.INFO: Stop searching deleted records [] []
[2024-10-24T14:20:42.703838+02:00] my_logger.INFO: Closed connection with dB [] []
[2024-10-24T14:20:42.707047+02:00] my_logger.INFO: Saved last execution time: 2024-10-24 14:20:41 in start_time_filename.txt [] []
[2024-10-24T14:20:42.708609+02:00] my_logger.INFO: Start sending post request to remote server at: https://www.servicecontrolroom.it/dev_sergio/db_synchronizer/remote/ [] []
[2024-10-24T14:20:42.708965+02:00] my_logger.INFO: Changes Update/Insert: 153 [] []
[2024-10-24T14:20:42.709204+02:00] my_logger.INFO: Changes Delete: 154 [] []
[2024-10-24T14:20:42.719077+02:00] my_logger.INFO: renamed: /var/www/html/db_synchronizer/main/sql/changes.sql into: /var/www/html/db_synchronizer/main/sql/20241024141907_20241024142041_changes.sql [] []
[2024-10-24T14:20:42.723391+02:00] my_logger.ERROR: Response:cURL error:  (errno: 3) [] []
[2024-10-24T14:20:42.723793+02:00] my_logger.INFO: Stop sending post request to remote server [] []
[2024-10-24T14:20:42.724068+02:00] my_logger.INFO: Stop Generate and Send SQL [] []
[2024-10-24T14:21:08.074517+02:00] my_logger.INFO: This is a log entry. [] []
[2024-10-24T14:21:08.130097+02:00] my_logger.INFO: Start Generate and Send SQL [] []
[2024-10-24T14:21:08.130583+02:00] my_logger.INFO: Conf:  {"database":{"server":"10.115.1.100","db":"alstom","port":"3306","username":"root","password":"sW1OJTmFIyudlVIk","table":"ping","snapshot_table":"ping_snapshot","pk":"ID","timestamp_col":"modified_at","time_zone":"Europe/Amsterdam"},"paths":{"sql_dir":"sql","sql_filename":"changes.sql","start_time_filename":"start_time_filename.txt","logs_folder":"logs","log_filename":"log"},"transfer_method":{"post":{"active":true,"url":"https://www.servicecontrolroom.it/dev_sergio/db_synchronizer/remote/"},"sftp":[]},"period_min":"25"} []
[2024-10-24T14:21:08.259577+02:00] my_logger.INFO: Connected to server: 10.115.1.100 database:alstom [] []
[2024-10-24T14:21:08.266047+02:00] my_logger.INFO: Start Time set to: 2024-10-24 14:20:41 [] []
[2024-10-24T14:21:08.266372+02:00] my_logger.INFO: Start searching records new or modified records [] []
[2024-10-24T14:21:08.508900+02:00] my_logger.INFO: Executed query: SELECT * FROM ping WHERE modified_at > '2024-10-24 14:20:41' AND modified_at <= '2024-10-24 14:21:08' [] []
[2024-10-24T14:21:08.509368+02:00] my_logger.INFO: Found: 34 records new or modified [] []
[2024-10-24T14:21:26.229851+02:00] my_logger.INFO: This is a log entry. [] []
[2024-10-24T14:21:26.260746+02:00] my_logger.INFO: Start Generate and Send SQL [] []
[2024-10-24T14:21:26.261041+02:00] my_logger.INFO: Conf:  {"database":{"server":"10.115.1.100","db":"alstom","port":"3306","username":"root","password":"sW1OJTmFIyudlVIk","table":"ping","snapshot_table":"ping_snapshot","pk":"ID","timestamp_col":"modified_at","time_zone":"Europe/Amsterdam"},"paths":{"sql_dir":"sql","sql_filename":"changes.sql","start_time_filename":"start_time_filename.txt","logs_folder":"logs","log_filename":"log"},"transfer_method":{"post":{"active":true,"url":"https://www.servicecontrolroom.it/dev_sergio/db_synchronizer/remote/"},"sftp":[]},"period_min":"25"} []
[2024-10-24T14:21:26.401177+02:00] my_logger.INFO: Connected to server: 10.115.1.100 database:alstom [] []
[2024-10-24T14:21:26.411416+02:00] my_logger.INFO: Start Time set to: 2024-10-24 14:20:41 [] []
[2024-10-24T14:21:26.411765+02:00] my_logger.INFO: Start searching records new or modified records [] []
[2024-10-24T14:21:26.663654+02:00] my_logger.INFO: Executed query: SELECT * FROM ping WHERE modified_at > '2024-10-24 14:20:41' AND modified_at <= '2024-10-24 14:21:26' [] []
[2024-10-24T14:21:26.664661+02:00] my_logger.INFO: Found: 58 records new or modified [] []
[2024-10-24T14:21:26.674294+02:00] my_logger.INFO: Stop searching records new or modified records [] []
[2024-10-24T14:21:26.674492+02:00] my_logger.INFO: Start searching deleted records [] []
[2024-10-24T14:21:26.674636+02:00] my_logger.INFO: Found primary key: ID [] []
[2024-10-24T14:21:26.779148+02:00] my_logger.INFO: Executed query: SELECT alstom.ping_snapshot.ID FROM alstom.ping_snapshot LEFT JOIN alstom.ping ON ping.ID = alstom.ping_snapshot.ID WHERE ping.ID IS NULL [] []
[2024-10-24T14:21:26.780558+02:00] my_logger.INFO: Found: 54 deleted records [] []
[2024-10-24T14:21:26.899468+02:00] my_logger.INFO: Executed query: TRUNCATE alstom.ping_snapshot [] []
[2024-10-24T14:21:27.133806+02:00] my_logger.INFO: Executed query: INSERT INTO alstom.ping_snapshot(ID) SELECT ID FROM alstom.ping [] []
[2024-10-24T14:21:27.134243+02:00] my_logger.INFO: Stop searching deleted records [] []
[2024-10-24T14:21:27.134562+02:00] my_logger.INFO: Closed connection with dB [] []
[2024-10-24T14:21:27.140700+02:00] my_logger.INFO: Saved last execution time: 2024-10-24 14:21:26 in start_time_filename.txt [] []
[2024-10-24T14:21:27.142299+02:00] my_logger.INFO: Start sending post request to remote server at: https://www.servicecontrolroom.it/dev_sergio/db_synchronizer/remote/ [] []
[2024-10-24T14:21:27.142687+02:00] my_logger.INFO: Changes Update/Insert: 58 [] []
[2024-10-24T14:21:27.143128+02:00] my_logger.INFO: Changes Delete: 54 [] []
[2024-10-24T14:21:27.147796+02:00] my_logger.INFO: renamed: /var/www/html/db_synchronizer/main/sql/changes.sql into: /var/www/html/db_synchronizer/main/sql/20241024142041_20241024142126_changes.sql [] []
[2024-10-24T14:21:27.154264+02:00] my_logger.ERROR: Response:cURL error:  (errno: 3) [] []
[2024-10-24T14:21:27.154666+02:00] my_logger.INFO: Stop sending post request to remote server [] []
[2024-10-24T14:21:27.155012+02:00] my_logger.INFO: Stop Generate and Send SQL [] []
[2024-10-24T14:22:56.890374+02:00] my_logger.INFO: This is a log entry. [] []
[2024-10-24T14:22:56.925902+02:00] my_logger.INFO: Start Generate and Send SQL [] []
[2024-10-24T14:22:56.926079+02:00] my_logger.INFO: Conf:  {"database":{"server":"10.115.1.100","db":"alstom","port":"3306","username":"root","password":"sW1OJTmFIyudlVIk","table":"ping","snapshot_table":"ping_snapshot","pk":"ID","timestamp_col":"modified_at","time_zone":"Europe/Amsterdam"},"paths":{"sql_dir":"sql","sql_filename":"changes.sql","start_time_filename":"start_time_filename.txt","logs_folder":"logs","log_filename":"log"},"transfer_method":{"post":{"active":true,"url":"https://www.servicecontrolroom.it/dev_sergio/db_synchronizer/remote/"},"sftp":[]},"period_min":"25"} []
[2024-10-24T14:22:57.034581+02:00] my_logger.INFO: Connected to server: 10.115.1.100 database:alstom [] []
[2024-10-24T14:22:57.047255+02:00] my_logger.INFO: Start Time set to: 2024-10-24 14:21:26 [] []
[2024-10-24T14:22:57.047472+02:00] my_logger.INFO: Start searching records new or modified records [] []
[2024-10-24T14:22:57.301680+02:00] my_logger.INFO: Executed query: SELECT * FROM ping WHERE modified_at > '2024-10-24 14:21:26' AND modified_at <= '2024-10-24 14:22:57' [] []
[2024-10-24T14:22:57.302130+02:00] my_logger.INFO: Found: 127 records new or modified [] []
[2024-10-24T14:22:57.325700+02:00] my_logger.INFO: Stop searching records new or modified records [] []
[2024-10-24T14:22:57.325900+02:00] my_logger.INFO: Start searching deleted records [] []
[2024-10-24T14:22:57.326058+02:00] my_logger.INFO: Found primary key: ID [] []
[2024-10-24T14:22:57.444587+02:00] my_logger.INFO: Executed query: SELECT alstom.ping_snapshot.ID FROM alstom.ping_snapshot LEFT JOIN alstom.ping ON ping.ID = alstom.ping_snapshot.ID WHERE ping.ID IS NULL [] []
[2024-10-24T14:22:57.445030+02:00] my_logger.INFO: Found: 127 deleted records [] []
[2024-10-24T14:22:57.575931+02:00] my_logger.INFO: Executed query: TRUNCATE alstom.ping_snapshot [] []
[2024-10-24T14:22:57.778315+02:00] my_logger.INFO: Executed query: INSERT INTO alstom.ping_snapshot(ID) SELECT ID FROM alstom.ping [] []
[2024-10-24T14:22:57.778759+02:00] my_logger.INFO: Stop searching deleted records [] []
[2024-10-24T14:22:57.778998+02:00] my_logger.INFO: Closed connection with dB [] []
[2024-10-24T14:22:57.783344+02:00] my_logger.INFO: Saved last execution time: 2024-10-24 14:22:57 in start_time_filename.txt [] []
[2024-10-24T14:22:57.784421+02:00] my_logger.INFO: Start sending post request to remote server at: https://www.servicecontrolroom.it/dev_sergio/db_synchronizer/remote/ [] []
[2024-10-24T14:22:57.784660+02:00] my_logger.INFO: Changes Update/Insert: 127 [] []
[2024-10-24T14:22:57.784962+02:00] my_logger.INFO: Changes Delete: 127 [] []
[2024-10-24T14:22:57.791576+02:00] my_logger.INFO: renamed: /var/www/html/db_synchronizer/main/sql/changes.sql into: /var/www/html/db_synchronizer/main/sql/20241024142126_20241024142257_changes.sql [] []
[2024-10-24T14:22:57.797655+02:00] my_logger.ERROR: Response:cURL error:  (errno: 3) [] []
[2024-10-24T14:22:57.798419+02:00] my_logger.INFO: Stop sending post request to remote server [] []
[2024-10-24T14:22:57.798827+02:00] my_logger.INFO: Stop Generate and Send SQL [] []
[2024-10-24T14:23:27.257319+02:00] my_logger.INFO: This is a log entry. [] []
[2024-10-24T14:23:27.304749+02:00] my_logger.INFO: Start Generate and Send SQL [] []
[2024-10-24T14:23:27.304948+02:00] my_logger.INFO: Conf:  {"database":{"server":"10.115.1.100","db":"alstom","port":"3306","username":"root","password":"sW1OJTmFIyudlVIk","table":"ping","snapshot_table":"ping_snapshot","pk":"ID","timestamp_col":"modified_at","time_zone":"Europe/Amsterdam"},"paths":{"sql_dir":"sql","sql_filename":"changes.sql","start_time_filename":"start_time_filename.txt","logs_folder":"logs","log_filename":"log"},"transfer_method":{"post":{"active":true,"url":"https://www.servicecontrolroom.it/dev_sergio/db_synchronizer/remote/"},"sftp":[]},"period_min":"25"} []
[2024-10-24T14:23:27.430703+02:00] my_logger.INFO: Connected to server: 10.115.1.100 database:alstom [] []
[2024-10-24T14:23:27.440537+02:00] my_logger.INFO: Start Time set to: 2024-10-24 14:22:57 [] []
[2024-10-24T14:23:27.440781+02:00] my_logger.INFO: Start searching records new or modified records [] []
[2024-10-24T14:23:27.694530+02:00] my_logger.INFO: Executed query: SELECT * FROM ping WHERE modified_at > '2024-10-24 14:22:57' AND modified_at <= '2024-10-24 14:23:27' [] []
[2024-10-24T14:23:27.695411+02:00] my_logger.INFO: Found: 42 records new or modified [] []
[2024-10-24T14:23:27.702491+02:00] my_logger.INFO: Stop searching records new or modified records [] []
[2024-10-24T14:23:27.702714+02:00] my_logger.INFO: Start searching deleted records [] []
[2024-10-24T14:23:27.702951+02:00] my_logger.INFO: Found primary key: ID [] []
[2024-10-24T14:23:27.819980+02:00] my_logger.INFO: Executed query: SELECT alstom.ping_snapshot.ID FROM alstom.ping_snapshot LEFT JOIN alstom.ping ON ping.ID = alstom.ping_snapshot.ID WHERE ping.ID IS NULL [] []
[2024-10-24T14:23:27.820499+02:00] my_logger.INFO: Found: 43 deleted records [] []
[2024-10-24T14:23:27.972373+02:00] my_logger.INFO: Executed query: TRUNCATE alstom.ping_snapshot [] []
[2024-10-24T14:23:28.173052+02:00] my_logger.INFO: Executed query: INSERT INTO alstom.ping_snapshot(ID) SELECT ID FROM alstom.ping [] []
[2024-10-24T14:23:28.173481+02:00] my_logger.INFO: Stop searching deleted records [] []
[2024-10-24T14:23:28.174538+02:00] my_logger.INFO: Closed connection with dB [] []
[2024-10-24T14:23:28.178296+02:00] my_logger.INFO: Saved last execution time: 2024-10-24 14:23:27 in start_time_filename.txt [] []
[2024-10-24T14:23:28.179639+02:00] my_logger.INFO: Start sending post request to remote server at: https://www.servicecontrolroom.it/dev_sergio/db_synchronizer/remote/ [] []
[2024-10-24T14:23:28.180142+02:00] my_logger.INFO: Changes Update/Insert: 42 [] []
[2024-10-24T14:23:28.180552+02:00] my_logger.INFO: Changes Delete: 43 [] []
[2024-10-24T14:23:28.185546+02:00] my_logger.INFO: renamed: /var/www/html/db_synchronizer/main/sql/changes.sql into: /var/www/html/db_synchronizer/main/sql/20241024142257_20241024142327_changes.sql [] []
[2024-10-24T14:23:28.192014+02:00] my_logger.ERROR: Response:cURL error:  (errno: 3) [] []
[2024-10-24T14:23:28.192538+02:00] my_logger.INFO: Stop sending post request to remote server [] []
[2024-10-24T14:23:28.192885+02:00] my_logger.INFO: Stop Generate and Send SQL [] []
[2024-10-24T14:29:15.540344+02:00] my_logger.INFO: This is a log entry. [] []
[2024-10-24T14:29:15.581045+02:00] my_logger.INFO: Start Generate and Send SQL [] []
[2024-10-24T14:29:15.581234+02:00] my_logger.INFO: Conf:  {"database":{"server":"10.115.1.100","db":"alstom","port":"3306","username":"root","password":"sW1OJTmFIyudlVIk","table":"ping","snapshot_table":"ping_snapshot","pk":"ID","timestamp_col":"modified_at","time_zone":"Europe/Amsterdam"},"paths":{"sql_dir":"sql","sql_filename":"changes.sql","start_time_filename":"start_time_filename.txt","logs_folder":"logs","log_filename":"log"},"transfer_method":{"post":{"active":true,"url":"https://www.servicecontrolroom.it/dev_sergio/db_synchronizer/remote/"},"sftp":[]},"period_min":"25"} []
[2024-10-24T14:29:15.693167+02:00] my_logger.INFO: Connected to server: 10.115.1.100 database:alstom [] []
[2024-10-24T14:29:15.701648+02:00] my_logger.INFO: Start Time set to: 2024-10-24 14:23:27 [] []
[2024-10-24T14:29:15.701892+02:00] my_logger.INFO: Start searching records new or modified records [] []
[2024-10-24T14:29:16.039493+02:00] my_logger.INFO: Executed query: SELECT * FROM ping WHERE modified_at > '2024-10-24 14:23:27' AND modified_at <= '2024-10-24 14:29:15' [] []
[2024-10-24T14:29:16.039937+02:00] my_logger.INFO: Found: 682 records new or modified [] []
[2024-10-24T14:29:16.279808+02:00] my_logger.INFO: Stop searching records new or modified records [] []
[2024-10-24T14:29:16.280840+02:00] my_logger.INFO: Start searching deleted records [] []
[2024-10-24T14:29:16.281899+02:00] my_logger.INFO: Found primary key: ID [] []
[2024-10-24T14:29:16.417123+02:00] my_logger.INFO: Executed query: SELECT alstom.ping_snapshot.ID FROM alstom.ping_snapshot LEFT JOIN alstom.ping ON ping.ID = alstom.ping_snapshot.ID WHERE ping.ID IS NULL [] []
[2024-10-24T14:29:16.417554+02:00] my_logger.INFO: Found: 683 deleted records [] []
[2024-10-24T14:29:16.640631+02:00] my_logger.INFO: Executed query: TRUNCATE alstom.ping_snapshot [] []
[2024-10-24T14:29:16.845328+02:00] my_logger.INFO: Executed query: INSERT INTO alstom.ping_snapshot(ID) SELECT ID FROM alstom.ping [] []
[2024-10-24T14:29:16.846110+02:00] my_logger.INFO: Stop searching deleted records [] []
[2024-10-24T14:29:16.846557+02:00] my_logger.INFO: Closed connection with dB [] []
[2024-10-24T14:29:16.852458+02:00] my_logger.INFO: Saved last execution time: 2024-10-24 14:29:15 in start_time_filename.txt [] []
[2024-10-24T14:29:16.855247+02:00] my_logger.INFO: Start sending post request to remote server at: https://www.servicecontrolroom.it/dev_sergio/db_synchronizer/remote/ [] []
[2024-10-24T14:29:16.855613+02:00] my_logger.INFO: Changes Update/Insert: 682 [] []
[2024-10-24T14:29:16.855882+02:00] my_logger.INFO: Changes Delete: 683 [] []
[2024-10-24T14:29:16.861497+02:00] my_logger.INFO: renamed: /var/www/html/db_synchronizer/main/sql/changes.sql into: /var/www/html/db_synchronizer/main/sql/20241024142327_20241024142915_changes.sql [] []
[2024-10-24T14:29:16.870156+02:00] my_logger.ERROR: Response:cURL error:  (errno: 3) [] []
[2024-10-24T14:29:16.870494+02:00] my_logger.INFO: Stop sending post request to remote server [] []
[2024-10-24T14:29:16.870840+02:00] my_logger.INFO: Stop Generate and Send SQL [] []
[2024-10-24T14:30:50.561355+02:00] my_logger.INFO: This is a log entry. [] []
[2024-10-24T14:30:50.636260+02:00] my_logger.INFO: Start Generate and Send SQL [] []
[2024-10-24T14:30:50.636574+02:00] my_logger.INFO: Conf:  {"database":{"server":"10.115.1.100","db":"alstom","port":"3306","username":"root","password":"sW1OJTmFIyudlVIk","table":"ping","snapshot_table":"ping_snapshot","pk":"ID","timestamp_col":"modified_at","time_zone":"Europe/Amsterdam"},"paths":{"sql_dir":"sql","sql_filename":"changes.sql","start_time_filename":"start_time_filename.txt","logs_folder":"logs","log_filename":"log"},"transfer_method":{"post":{"active":true,"url":"https://www.servicecontrolroom.it/dev_sergio/db_synchronizer/remote/"},"sftp":[]},"period_min":"25"} []
[2024-10-24T14:30:50.750327+02:00] my_logger.INFO: Connected to server: 10.115.1.100 database:alstom [] []
[2024-10-24T14:30:50.759026+02:00] my_logger.INFO: Start Time set to: 2024-10-24 14:29:15 [] []
[2024-10-24T14:30:50.759254+02:00] my_logger.INFO: Start searching records new or modified records [] []
[2024-10-24T14:30:51.006491+02:00] my_logger.INFO: Executed query: SELECT * FROM ping WHERE modified_at > '2024-10-24 14:29:15' AND modified_at <= '2024-10-24 14:30:50' [] []
[2024-10-24T14:30:51.006916+02:00] my_logger.INFO: Found: 205 records new or modified [] []
[2024-10-24T14:30:51.037438+02:00] my_logger.INFO: Stop searching records new or modified records [] []
[2024-10-24T14:30:51.037628+02:00] my_logger.INFO: Start searching deleted records [] []
[2024-10-24T14:30:51.037786+02:00] my_logger.INFO: Found primary key: ID [] []
[2024-10-24T14:30:51.145865+02:00] my_logger.INFO: Executed query: SELECT alstom.ping_snapshot.ID FROM alstom.ping_snapshot LEFT JOIN alstom.ping ON ping.ID = alstom.ping_snapshot.ID WHERE ping.ID IS NULL [] []
[2024-10-24T14:30:51.146436+02:00] my_logger.INFO: Found: 207 deleted records [] []
[2024-10-24T14:30:51.276269+02:00] my_logger.INFO: Executed query: TRUNCATE alstom.ping_snapshot [] []
[2024-10-24T14:30:51.477628+02:00] my_logger.INFO: Executed query: INSERT INTO alstom.ping_snapshot(ID) SELECT ID FROM alstom.ping [] []
[2024-10-24T14:30:51.478064+02:00] my_logger.INFO: Stop searching deleted records [] []
[2024-10-24T14:30:51.478386+02:00] my_logger.INFO: Closed connection with dB [] []
[2024-10-24T14:30:51.481850+02:00] my_logger.INFO: Saved last execution time: 2024-10-24 14:30:50 in start_time_filename.txt [] []
[2024-10-24T14:30:51.483536+02:00] my_logger.INFO: Start sending post request to remote server at: https://www.servicecontrolroom.it/dev_sergio/db_synchronizer/remote/ [] []
[2024-10-24T14:30:51.483844+02:00] my_logger.INFO: Changes Update/Insert: 205 [] []
[2024-10-24T14:30:51.484051+02:00] my_logger.INFO: Changes Delete: 207 [] []
[2024-10-24T14:30:51.488230+02:00] my_logger.INFO: renamed: /var/www/html/db_synchronizer/main/sql/changes.sql into: /var/www/html/db_synchronizer/main/sql/20241024142915_20241024143050_changes.sql [] []
[2024-10-24T14:30:51.492234+02:00] my_logger.ERROR: Response:cURL error:  (errno: 3) [] []
[2024-10-24T14:30:51.492596+02:00] my_logger.INFO: Stop sending post request to remote server [] []
[2024-10-24T14:30:51.492814+02:00] my_logger.INFO: Stop Generate and Send SQL [] []
[2024-10-24T14:35:16.922199+02:00] my_logger.INFO: This is a log entry. [] []
[2024-10-24T14:35:16.962272+02:00] my_logger.INFO: Start Generate and Send SQL [] []
[2024-10-24T14:35:16.962518+02:00] my_logger.INFO: Conf:  {"database":{"server":"10.115.1.100","db":"alstom","port":"3306","username":"root","password":"sW1OJTmFIyudlVIk","table":"ping","snapshot_table":"ping_snapshot","pk":"ID","timestamp_col":"modified_at","time_zone":"Europe/Amsterdam"},"paths":{"sql_dir":"sql","sql_filename":"changes.sql","start_time_filename":"start_time_filename.txt","logs_folder":"logs","log_filename":"log"},"transfer_method":{"post":{"active":true,"url":"https://www.servicecontrolroom.it/dev_sergio/db_synchronizer/remote/"},"sftp":[]},"period_min":"25"} []
[2024-10-24T14:35:17.087054+02:00] my_logger.INFO: Connected to server: 10.115.1.100 database:alstom [] []
[2024-10-24T14:35:17.094675+02:00] my_logger.INFO: Start Time set to: 2024-10-24 14:30:50 [] []
[2024-10-24T14:35:17.095147+02:00] my_logger.INFO: Start searching records new or modified records [] []
[2024-10-24T14:35:17.430600+02:00] my_logger.INFO: Executed query: SELECT * FROM ping WHERE modified_at > '2024-10-24 14:30:50' AND modified_at <= '2024-10-24 14:35:17' [] []
[2024-10-24T14:35:17.431095+02:00] my_logger.INFO: Found: 699 records new or modified [] []
[2024-10-24T14:35:17.580371+02:00] my_logger.INFO: Stop searching records new or modified records [] []
[2024-10-24T14:35:17.580657+02:00] my_logger.INFO: Start searching deleted records [] []
[2024-10-24T14:35:17.580894+02:00] my_logger.INFO: Found primary key: ID [] []
[2024-10-24T14:35:17.708057+02:00] my_logger.INFO: Executed query: SELECT alstom.ping_snapshot.ID FROM alstom.ping_snapshot LEFT JOIN alstom.ping ON ping.ID = alstom.ping_snapshot.ID WHERE ping.ID IS NULL [] []
[2024-10-24T14:35:17.709962+02:00] my_logger.INFO: Found: 697 deleted records [] []
[2024-10-24T14:35:17.972944+02:00] my_logger.INFO: Executed query: TRUNCATE alstom.ping_snapshot [] []
[2024-10-24T14:35:18.182178+02:00] my_logger.INFO: Executed query: INSERT INTO alstom.ping_snapshot(ID) SELECT ID FROM alstom.ping [] []
[2024-10-24T14:35:18.182750+02:00] my_logger.INFO: Stop searching deleted records [] []
[2024-10-24T14:35:18.183017+02:00] my_logger.INFO: Closed connection with dB [] []
[2024-10-24T14:35:18.188242+02:00] my_logger.INFO: Saved last execution time: 2024-10-24 14:35:17 in start_time_filename.txt [] []
[2024-10-24T14:35:18.190372+02:00] my_logger.INFO: Start sending post request to remote server at: https://www.servicecontrolroom.it/dev_sergio/db_synchronizer/remote/ [] []
[2024-10-24T14:35:18.190775+02:00] my_logger.INFO: Changes Update/Insert: 699 [] []
[2024-10-24T14:35:18.191218+02:00] my_logger.INFO: Changes Delete: 697 [] []
[2024-10-24T14:35:18.197101+02:00] my_logger.INFO: renamed: /var/www/html/db_synchronizer/main/sql/changes.sql into: /var/www/html/db_synchronizer/main/sql/20241024143050_20241024143517_changes.sql [] []
[2024-10-24T14:35:18.203007+02:00] my_logger.ERROR: Response:cURL error:  (errno: 3) [] []
[2024-10-24T14:35:18.203602+02:00] my_logger.INFO: Stop sending post request to remote server [] []
[2024-10-24T14:35:18.203955+02:00] my_logger.INFO: Stop Generate and Send SQL [] []
[2024-10-24T14:35:36.366817+02:00] my_logger.INFO: This is a log entry. [] []
[2024-10-24T14:35:36.412140+02:00] my_logger.INFO: Start Generate and Send SQL [] []
[2024-10-24T14:35:36.412482+02:00] my_logger.INFO: Conf:  {"database":{"server":"10.115.1.100","db":"alstom","port":"3306","username":"root","password":"sW1OJTmFIyudlVIk","table":"ping","snapshot_table":"ping_snapshot","pk":"ID","timestamp_col":"modified_at","time_zone":"Europe/Amsterdam"},"paths":{"sql_dir":"sql","sql_filename":"changes.sql","start_time_filename":"start_time_filename.txt","logs_folder":"logs","log_filename":"log"},"transfer_method":{"post":{"active":false,"url":"https://www.servicecontrolroom.it/dev_sergio/db_synchronizer/remote/"},"sftp":[]},"period_min":"25"} []
[2024-10-24T14:35:36.537210+02:00] my_logger.INFO: Connected to server: 10.115.1.100 database:alstom [] []
[2024-10-24T14:35:36.546540+02:00] my_logger.INFO: Start Time set to: 2024-10-24 14:35:17 [] []
[2024-10-24T14:35:36.547022+02:00] my_logger.INFO: Start searching records new or modified records [] []
[2024-10-24T14:35:36.787193+02:00] my_logger.INFO: Executed query: SELECT * FROM ping WHERE modified_at > '2024-10-24 14:35:17' AND modified_at <= '2024-10-24 14:35:36' [] []
[2024-10-24T14:35:36.787682+02:00] my_logger.INFO: Found: 47 records new or modified [] []
[2024-10-24T14:35:36.794875+02:00] my_logger.INFO: Stop searching records new or modified records [] []
[2024-10-24T14:35:36.795118+02:00] my_logger.INFO: Start searching deleted records [] []
[2024-10-24T14:35:36.795348+02:00] my_logger.INFO: Found primary key: ID [] []
[2024-10-24T14:35:36.903713+02:00] my_logger.INFO: Executed query: SELECT alstom.ping_snapshot.ID FROM alstom.ping_snapshot LEFT JOIN alstom.ping ON ping.ID = alstom.ping_snapshot.ID WHERE ping.ID IS NULL [] []
[2024-10-24T14:35:36.904298+02:00] my_logger.INFO: Found: 46 deleted records [] []
[2024-10-24T14:35:37.005856+02:00] my_logger.INFO: Executed query: TRUNCATE alstom.ping_snapshot [] []
[2024-10-24T14:35:37.221031+02:00] my_logger.INFO: Executed query: INSERT INTO alstom.ping_snapshot(ID) SELECT ID FROM alstom.ping [] []
[2024-10-24T14:35:37.221541+02:00] my_logger.INFO: Stop searching deleted records [] []
[2024-10-24T14:35:37.221886+02:00] my_logger.INFO: Closed connection with dB [] []
[2024-10-24T14:35:37.227589+02:00] my_logger.INFO: Saved last execution time: 2024-10-24 14:35:36 in start_time_filename.txt [] []
[2024-10-24T14:35:37.228724+02:00] my_logger.INFO: No tranfer method selected [] []
[2024-10-24T14:35:37.229019+02:00] my_logger.INFO: Stop Generate and Send SQL [] []
[2024-10-24T14:36:58.950585+02:00] my_logger.INFO: This is a log entry. [] []
[2024-10-24T14:36:59.040696+02:00] my_logger.INFO: Start Generate and Send SQL [] []
[2024-10-24T14:36:59.041291+02:00] my_logger.INFO: Conf:  {"database":{"server":"10.115.1.100","db":"alstom","port":"3306","username":"root","password":"sW1OJTmFIyudlVIk","table":"ping","snapshot_table":"ping_snapshot","pk":"ID","timestamp_col":"modified_at","time_zone":"Europe/Amsterdam"},"paths":{"sql_dir":"sql","sql_filename":"changes.sql","start_time_filename":"start_time_filename.txt","logs_folder":"logs","log_filename":"log"},"transfer_method":{"post":{"active":false,"url":"https://www.servicecontrolroom.it/dev_sergio/db_synchronizer/remote/"},"sftp":[]},"period_min":"25"} []
[2024-10-24T14:36:59.161719+02:00] my_logger.INFO: Connected to server: 10.115.1.100 database:alstom [] []
[2024-10-24T14:36:59.179372+02:00] my_logger.INFO: Start Time set to: 2024-10-24 14:35:36 [] []
[2024-10-24T14:36:59.179911+02:00] my_logger.INFO: Start searching records new or modified records [] []
[2024-10-24T14:36:59.433237+02:00] my_logger.INFO: Executed query: SELECT * FROM ping WHERE modified_at > '2024-10-24 14:35:36' AND modified_at <= '2024-10-24 14:36:59' [] []
[2024-10-24T14:36:59.433849+02:00] my_logger.INFO: Found: 205 records new or modified [] []
[2024-10-24T14:36:59.486748+02:00] my_logger.INFO: Stop searching records new or modified records [] []
[2024-10-24T14:36:59.487081+02:00] my_logger.INFO: Start searching deleted records [] []
[2024-10-24T14:36:59.487462+02:00] my_logger.INFO: Found primary key: ID [] []
[2024-10-24T14:36:59.606511+02:00] my_logger.INFO: Executed query: SELECT alstom.ping_snapshot.ID FROM alstom.ping_snapshot LEFT JOIN alstom.ping ON ping.ID = alstom.ping_snapshot.ID WHERE ping.ID IS NULL [] []
[2024-10-24T14:36:59.607140+02:00] my_logger.INFO: Found: 203 deleted records [] []
[2024-10-24T14:36:59.766338+02:00] my_logger.INFO: Executed query: TRUNCATE alstom.ping_snapshot [] []
[2024-10-24T14:36:59.987209+02:00] my_logger.INFO: Executed query: INSERT INTO alstom.ping_snapshot(ID) SELECT ID FROM alstom.ping [] []
[2024-10-24T14:36:59.987810+02:00] my_logger.INFO: Stop searching deleted records [] []
[2024-10-24T14:36:59.988181+02:00] my_logger.INFO: Closed connection with dB [] []
[2024-10-24T14:36:59.993919+02:00] my_logger.INFO: Saved last execution time: 2024-10-24 14:36:59 in start_time_filename.txt [] []
[2024-10-24T14:36:59.995636+02:00] my_logger.INFO: No tranfer method selected [] []
[2024-10-24T14:36:59.995956+02:00] my_logger.INFO: Stop Generate and Send SQL [] []
[2024-10-24T14:45:56.377335+02:00] my_logger.INFO: This is a log entry. [] []
[2024-10-24T14:45:56.404923+02:00] my_logger.INFO: Start Generate and Send SQL [] []
[2024-10-24T14:45:56.405110+02:00] my_logger.INFO: Conf:  {"database":{"server":"10.115.1.100","db":"alstom","port":"3306","username":"root","password":"sW1OJTmFIyudlVIk","table":"ping","snapshot_table":"ping_snapshot","pk":"ID","timestamp_col":"modified_at","time_zone":"Europe/Amsterdam"},"paths":{"sql_dir":"sql","sql_filename":"changes.sql","start_time_filename":"start_time_filename.txt","logs_folder":"logs","log_filename":"log"},"transfer_method":{"post":{"active":false,"url":"https://www.servicecontrolroom.it/dev_sergio/db_synchronizer/remote/"},"sftp":[]},"period_min":"25"} []
[2024-10-24T14:45:56.836617+02:00] my_logger.INFO: Connected to server: 10.115.1.100 database:alstom [] []
[2024-10-24T14:45:56.854593+02:00] my_logger.INFO: Start Time set to: 2024-10-24 14:36:59 [] []
[2024-10-24T14:45:56.855089+02:00] my_logger.INFO: Start searching records new or modified records [] []
[2024-10-24T14:45:57.798997+02:00] my_logger.INFO: Executed query: SELECT * FROM ping WHERE modified_at > '2024-10-24 14:36:59' AND modified_at <= '2024-10-24 14:45:56' [] []
[2024-10-24T14:45:57.799665+02:00] my_logger.INFO: Found: 1381 records new or modified [] []
[2024-10-24T14:45:58.053653+02:00] my_logger.INFO: Stop searching records new or modified records [] []
[2024-10-24T14:45:58.054183+02:00] my_logger.INFO: Start searching deleted records [] []
[2024-10-24T14:45:58.054683+02:00] my_logger.INFO: Found primary key: ID [] []
[2024-10-24T14:45:58.338135+02:00] my_logger.INFO: Executed query: SELECT alstom.ping_snapshot.ID FROM alstom.ping_snapshot LEFT JOIN alstom.ping ON ping.ID = alstom.ping_snapshot.ID WHERE ping.ID IS NULL [] []
[2024-10-24T14:45:58.338677+02:00] my_logger.INFO: Found: 1386 deleted records [] []
[2024-10-24T14:45:58.700459+02:00] my_logger.INFO: Executed query: TRUNCATE alstom.ping_snapshot [] []
[2024-10-24T14:45:58.973816+02:00] my_logger.INFO: Executed query: INSERT INTO alstom.ping_snapshot(ID) SELECT ID FROM alstom.ping [] []
[2024-10-24T14:45:58.974752+02:00] my_logger.INFO: Stop searching deleted records [] []
[2024-10-24T14:45:58.975512+02:00] my_logger.INFO: Closed connection with dB [] []
[2024-10-24T14:45:58.981568+02:00] my_logger.INFO: Saved last execution time: 2024-10-24 14:45:56 in start_time_filename.txt [] []
[2024-10-24T14:45:58.985353+02:00] my_logger.INFO: No tranfer method selected [] []
[2024-10-24T14:45:58.985858+02:00] my_logger.INFO: Stop Generate and Send SQL [] []
